<?xml version="1.0" encoding="UTF-8"?>
<!-- Generated by org.testng.reporters.JUnitXMLReporter -->
<testsuite ignored="0" hostname="DESKTOP-ER" failures="1" tests="3" name="Test" time="0.15" errors="0" timestamp="2025-03-27T20:53:28 IST">
  <testcase classname="Testing.TestClass" name="test" time="0.035">
    <skipped/>
  </testcase> <!-- test -->
  <testcase classname="Testing.TestClass" name="test" time="0.003">
    <skipped/>
  </testcase> <!-- test -->
  <testcase classname="Testing.TestClass" name="test" time="0.004">
    <failure type="java.lang.AssertionError" message="Shashank 1 expected [true] but found [false]">
      <![CDATA[java.lang.AssertionError: Shashank 1 expected [true] but found [false]
at Testing.TestClass.test(TestClass.java:13)
at java.base/java.util.ArrayList.forEach(ArrayList.java:1596)
... Removed 28 stack frames]]>
    </failure>
  </testcase> <!-- test -->
</testsuite> <!-- Test -->
